2025-06-11 16:01:54 INFO  [background-preinit] o.h.validator.internal.util.Version - HV000001: Hibernate Validator 8.0.2.Final
2025-06-11 16:01:54 INFO  [main] com.task.demo.DemoApplication - Starting DemoApplication using Java 17.0.14 with PID 14904 (C:\Users\QAAbbasova\SpringProjects\demo\target\classes started by qaabbasova in C:\Users\QAAbbasova\SpringProjects\demo)
2025-06-11 16:01:54 INFO  [main] com.task.demo.DemoApplication - No active profile set, falling back to 1 default profile: "default"
2025-06-11 16:01:55 INFO  [main] o.s.d.r.c.RepositoryConfigurationDelegate - Bootstrapping Spring Data JPA repositories in DEFAULT mode.
2025-06-11 16:01:55 INFO  [main] o.s.d.r.c.RepositoryConfigurationDelegate - Finished Spring Data repository scanning in 152 ms. Found 3 JPA repository interfaces.
2025-06-11 16:01:56 INFO  [main] o.s.b.w.e.tomcat.TomcatWebServer - Tomcat initialized with port 9090 (http)
2025-06-11 16:01:56 INFO  [main] o.a.coyote.http11.Http11NioProtocol - Initializing ProtocolHandler ["http-nio-9090"]
2025-06-11 16:01:56 INFO  [main] o.a.catalina.core.StandardService - Starting service [Tomcat]
2025-06-11 16:01:56 INFO  [main] o.a.catalina.core.StandardEngine - Starting Servlet engine: [Apache Tomcat/10.1.39]
2025-06-11 16:01:56 INFO  [main] o.a.c.c.C.[Tomcat].[localhost].[/] - Initializing Spring embedded WebApplicationContext
2025-06-11 16:01:56 INFO  [main] o.s.b.w.s.c.ServletWebServerApplicationContext - Root WebApplicationContext: initialization completed in 2359 ms
2025-06-11 16:01:57 INFO  [main] o.h.jpa.internal.util.LogHelper - HHH000204: Processing PersistenceUnitInfo [name: default]
2025-06-11 16:01:57 INFO  [main] org.hibernate.Version - HHH000412: Hibernate ORM core version 6.6.11.Final
2025-06-11 16:01:57 INFO  [main] o.h.c.i.RegionFactoryInitiator - HHH000026: Second-level cache disabled
2025-06-11 16:01:57 INFO  [main] o.s.o.j.p.SpringPersistenceUnitInfo - No LoadTimeWeaver setup: ignoring JPA class transformer
2025-06-11 16:01:57 INFO  [main] com.zaxxer.hikari.HikariDataSource - HikariPool-1 - Starting...
2025-06-11 16:01:58 INFO  [main] com.zaxxer.hikari.pool.HikariPool - HikariPool-1 - Added connection org.postgresql.jdbc.PgConnection@47fa3671
2025-06-11 16:01:58 INFO  [main] com.zaxxer.hikari.HikariDataSource - HikariPool-1 - Start completed.
2025-06-11 16:01:58 INFO  [main] o.hibernate.orm.connections.pooling - HHH10001005: Database info:
	Database JDBC URL [Connecting through datasource 'HikariDataSource (HikariPool-1)']
	Database driver: undefined/unknown
	Database version: 14.17
	Autocommit mode: undefined/unknown
	Isolation level: undefined/unknown
	Minimum pool size: undefined/unknown
	Maximum pool size: undefined/unknown
2025-06-11 16:01:59 INFO  [main] o.h.e.t.j.p.i.JtaPlatformInitiator - HHH000489: No JTA platform available (set 'hibernate.transaction.jta.platform' to enable JTA platform integration)
2025-06-11 16:01:59 INFO  [main] o.s.o.j.LocalContainerEntityManagerFactoryBean - Initialized JPA EntityManagerFactory for persistence unit 'default'
2025-06-11 16:02:00 INFO  [main] o.s.s.c.a.a.c.InitializeAuthenticationProviderBeanManagerConfigurer$InitializeAuthenticationProviderManagerConfigurer - Global AuthenticationManager configured with AuthenticationProvider bean with name authenticationProvider
2025-06-11 16:02:01 INFO  [main] o.a.coyote.http11.Http11NioProtocol - Starting ProtocolHandler ["http-nio-9090"]
2025-06-11 16:02:01 INFO  [main] o.s.b.w.e.tomcat.TomcatWebServer - Tomcat started on port 9090 (http) with context path '/'
2025-06-11 16:02:01 INFO  [main] com.task.demo.DemoApplication - Started DemoApplication in 7.234 seconds (process running for 8.057)
2025-06-11 16:03:26 INFO  [http-nio-9090-exec-2] o.a.c.c.C.[Tomcat].[localhost].[/] - Initializing Spring DispatcherServlet 'dispatcherServlet'
2025-06-11 16:03:26 INFO  [http-nio-9090-exec-2] o.s.web.servlet.DispatcherServlet - Initializing Servlet 'dispatcherServlet'
2025-06-11 16:03:26 INFO  [http-nio-9090-exec-2] o.s.web.servlet.DispatcherServlet - Completed initialization in 1 ms
2025-06-11 16:03:47 INFO  [http-nio-9090-exec-3] c.t.demo.controller.AuthController - Logging in user with email: Ehmed@gmail.com
2025-06-11 16:04:06 INFO  [http-nio-9090-exec-4] c.t.demo.controller.UserController - Fetching users with filter: firstName=Guluza, lastName=null, age=null
2025-06-11 16:09:34 INFO  [http-nio-9090-exec-7] c.t.demo.controller.UserController - Fetching users with filter: firstName=Guluza, lastName=null, age=null
2025-06-11 16:43:50 INFO  [SpringApplicationShutdownHook] o.s.b.w.e.tomcat.GracefulShutdown - Commencing graceful shutdown. Waiting for active requests to complete
2025-06-11 16:43:50 INFO  [tomcat-shutdown] o.s.b.w.e.tomcat.GracefulShutdown - Graceful shutdown complete
2025-06-11 16:43:50 INFO  [SpringApplicationShutdownHook] o.s.o.j.LocalContainerEntityManagerFactoryBean - Closing JPA EntityManagerFactory for persistence unit 'default'
2025-06-11 16:43:50 INFO  [SpringApplicationShutdownHook] com.zaxxer.hikari.HikariDataSource - HikariPool-1 - Shutdown initiated...
2025-06-11 16:43:50 INFO  [SpringApplicationShutdownHook] com.zaxxer.hikari.HikariDataSource - HikariPool-1 - Shutdown completed.
2025-06-11 17:08:56 INFO  [background-preinit] o.h.validator.internal.util.Version - HV000001: Hibernate Validator 8.0.2.Final
2025-06-11 17:08:56 INFO  [main] com.task.demo.DemoApplication - Starting DemoApplication using Java 17.0.14 with PID 27440 (C:\Users\QAAbbasova\SpringProjects\demo\target\classes started by qaabbasova in C:\Users\QAAbbasova\SpringProjects\demo)
2025-06-11 17:08:56 INFO  [main] com.task.demo.DemoApplication - No active profile set, falling back to 1 default profile: "default"
2025-06-11 17:08:57 INFO  [main] o.s.d.r.c.RepositoryConfigurationDelegate - Bootstrapping Spring Data JPA repositories in DEFAULT mode.
2025-06-11 17:08:58 INFO  [main] o.s.d.r.c.RepositoryConfigurationDelegate - Finished Spring Data repository scanning in 101 ms. Found 3 JPA repository interfaces.
2025-06-11 17:08:58 INFO  [main] o.s.b.w.e.tomcat.TomcatWebServer - Tomcat initialized with port 9090 (http)
2025-06-11 17:08:58 INFO  [main] o.a.coyote.http11.Http11NioProtocol - Initializing ProtocolHandler ["http-nio-9090"]
2025-06-11 17:08:58 INFO  [main] o.a.catalina.core.StandardService - Starting service [Tomcat]
2025-06-11 17:08:58 INFO  [main] o.a.catalina.core.StandardEngine - Starting Servlet engine: [Apache Tomcat/10.1.39]
2025-06-11 17:08:58 INFO  [main] o.a.c.c.C.[Tomcat].[localhost].[/] - Initializing Spring embedded WebApplicationContext
2025-06-11 17:08:58 INFO  [main] o.s.b.w.s.c.ServletWebServerApplicationContext - Root WebApplicationContext: initialization completed in 1838 ms
2025-06-11 17:08:59 INFO  [main] o.h.jpa.internal.util.LogHelper - HHH000204: Processing PersistenceUnitInfo [name: default]
2025-06-11 17:08:59 INFO  [main] org.hibernate.Version - HHH000412: Hibernate ORM core version 6.6.11.Final
2025-06-11 17:08:59 INFO  [main] o.h.c.i.RegionFactoryInitiator - HHH000026: Second-level cache disabled
2025-06-11 17:08:59 INFO  [main] o.s.o.j.p.SpringPersistenceUnitInfo - No LoadTimeWeaver setup: ignoring JPA class transformer
2025-06-11 17:08:59 INFO  [main] com.zaxxer.hikari.HikariDataSource - HikariPool-1 - Starting...
2025-06-11 17:08:59 INFO  [main] com.zaxxer.hikari.pool.HikariPool - HikariPool-1 - Added connection org.postgresql.jdbc.PgConnection@42576db9
2025-06-11 17:08:59 INFO  [main] com.zaxxer.hikari.HikariDataSource - HikariPool-1 - Start completed.
2025-06-11 17:08:59 INFO  [main] o.hibernate.orm.connections.pooling - HHH10001005: Database info:
	Database JDBC URL [Connecting through datasource 'HikariDataSource (HikariPool-1)']
	Database driver: undefined/unknown
	Database version: 14.17
	Autocommit mode: undefined/unknown
	Isolation level: undefined/unknown
	Minimum pool size: undefined/unknown
	Maximum pool size: undefined/unknown
2025-06-11 17:09:00 INFO  [main] o.h.e.t.j.p.i.JtaPlatformInitiator - HHH000489: No JTA platform available (set 'hibernate.transaction.jta.platform' to enable JTA platform integration)
2025-06-11 17:09:01 INFO  [main] o.s.o.j.LocalContainerEntityManagerFactoryBean - Initialized JPA EntityManagerFactory for persistence unit 'default'
2025-06-11 17:09:01 INFO  [main] o.s.s.c.a.a.c.InitializeAuthenticationProviderBeanManagerConfigurer$InitializeAuthenticationProviderManagerConfigurer - Global AuthenticationManager configured with AuthenticationProvider bean with name authenticationProvider
2025-06-11 17:09:02 INFO  [main] o.a.coyote.http11.Http11NioProtocol - Starting ProtocolHandler ["http-nio-9090"]
2025-06-11 17:09:02 INFO  [main] o.s.b.w.e.tomcat.TomcatWebServer - Tomcat started on port 9090 (http) with context path '/'
2025-06-11 17:09:02 INFO  [main] com.task.demo.DemoApplication - Started DemoApplication in 5.85 seconds (process running for 6.519)
2025-06-11 17:09:42 INFO  [http-nio-9090-exec-1] o.a.c.c.C.[Tomcat].[localhost].[/] - Initializing Spring DispatcherServlet 'dispatcherServlet'
2025-06-11 17:09:42 INFO  [http-nio-9090-exec-1] o.s.web.servlet.DispatcherServlet - Initializing Servlet 'dispatcherServlet'
2025-06-11 17:09:42 INFO  [http-nio-9090-exec-1] o.s.web.servlet.DispatcherServlet - Completed initialization in 1 ms
2025-06-11 17:09:55 INFO  [http-nio-9090-exec-2] c.t.demo.controller.AuthController - Logging in user with email: Ehmed@gmail.com
2025-06-11 17:11:37 INFO  [http-nio-9090-exec-7] c.t.d.controller.AccountController - Fetching accounts for user ID: 43
2025-06-11 17:12:22 INFO  [http-nio-9090-exec-8] c.t.d.controller.AccountController - Account creation request received: AccountInsertDTO(iban=AZ21NABZ00000000137010001997, userId=43, branchId=9)
2025-06-11 17:12:32 INFO  [http-nio-9090-exec-10] c.t.d.controller.AccountController - Account creation request received: AccountInsertDTO(iban=AZ21NABZ00000000137010001993, userId=43, branchId=9)
2025-06-11 17:12:40 INFO  [http-nio-9090-exec-1] c.t.d.controller.AccountController - Fetching accounts for user ID: 43
2025-06-11 17:36:03 INFO  [http-nio-9090-exec-9] c.t.demo.controller.AuthController - Logging in user with email: Ehmed@gmail.com
2025-06-11 17:38:50 INFO  [http-nio-9090-exec-5] c.t.d.controller.AccountController - Fetching accounts for user ID: 43
